0 info it worked if it ends with ok
1 verbose cli [ 'C:\\Program Files\\nodejs\\node.exe',
1 verbose cli   'C:\\Program Files\\nodejs\\node_modules\\npm\\bin\\npm-cli.js',
1 verbose cli   'publish' ]
2 info using npm@3.10.10
3 info using node@v6.11.4
4 verbose publish [ '.' ]
5 silly cache add args [ '.', null ]
6 verbose cache add spec .
7 silly cache add parsed spec Result {
7 silly cache add   raw: '.',
7 silly cache add   scope: null,
7 silly cache add   escapedName: null,
7 silly cache add   name: null,
7 silly cache add   rawSpec: '.',
7 silly cache add   spec: 'C:\\Users\\vasim-PC\\dc3602\\dc360\\ngx-tour-master\\ngx-tour-core',
7 silly cache add   type: 'directory' }
8 verbose addLocalDirectory C:\Users\vasim-PC\AppData\Roaming\npm-cache\ngx-tour-core\1.0.1\package.tgz not in flight; packing
9 verbose correctMkdir C:\Users\vasim-PC\AppData\Roaming\npm-cache correctMkdir not in flight; initializing
10 info lifecycle ngx-tour-core@1.0.1~prepublish: ngx-tour-core@1.0.1
11 silly lifecycle ngx-tour-core@1.0.1~prepublish: no script for prepublish, continuing
12 verbose tar pack [ 'C:\\Users\\vasim-PC\\AppData\\Roaming\\npm-cache\\ngx-tour-core\\1.0.1\\package.tgz',
12 verbose tar pack   'C:\\Users\\vasim-PC\\dc3602\\dc360\\ngx-tour-master\\ngx-tour-core' ]
13 verbose tarball C:\Users\vasim-PC\AppData\Roaming\npm-cache\ngx-tour-core\1.0.1\package.tgz
14 verbose folder C:\Users\vasim-PC\dc3602\dc360\ngx-tour-master\ngx-tour-core
15 verbose addLocalTarball adding from inside cache C:\Users\vasim-PC\AppData\Roaming\npm-cache\ngx-tour-core\1.0.1\package.tgz
16 verbose correctMkdir C:\Users\vasim-PC\AppData\Roaming\npm-cache correctMkdir not in flight; initializing
17 silly cache afterAdd ngx-tour-core@1.0.1
18 verbose afterAdd C:\Users\vasim-PC\AppData\Roaming\npm-cache\ngx-tour-core\1.0.1\package\package.json not in flight; writing
19 verbose correctMkdir C:\Users\vasim-PC\AppData\Roaming\npm-cache correctMkdir not in flight; initializing
20 verbose afterAdd C:\Users\vasim-PC\AppData\Roaming\npm-cache\ngx-tour-core\1.0.1\package\package.json written
21 silly publish { name: 'ngx-tour-core',
21 silly publish   version: '1.0.1',
21 silly publish   repository:
21 silly publish    { type: 'git',
21 silly publish      url: 'git+https://github.com/isaacplmann/ngx-tour.git' },
21 silly publish   author:
21 silly publish    { name: 'yuvraj.singh',
21 silly publish      email: 'yuvraj.singh@sunarctechnologies.com' },
21 silly publish   license: 'MIT',
21 silly publish   peerDependencies:
21 silly publish    { '@angular/common': '^4.2.5',
21 silly publish      '@angular/core': '^4.2.5',
21 silly publish      '@angular/router': '^4.2.5',
21 silly publish      'core-js': '^2.4.1',
21 silly publish      rxjs: '^5.4.2',
21 silly publish      'zone.js': '^0.8.12' },
21 silly publish   dependencies: {},
21 silly publish   readme: '# Ngx-Tour Core\n[![Dependency Status](https://david-dm.org/isaacplmann/ngx-tour-core.svg)](https://david-dm.org/isaacplmann/ngx-tour-core)\n[![devDependency Status](https://david-dm.org/isaacplmann/ngx-tour-core/dev-status.svg)](https://david-dm.org/isaacplmann/ngx-tour-core?type=dev)\n\nCheck out the [documentation/demo page](https://isaacplmann.github.io/ngx-tour).\n\nThis is a product tour library built with Angular (2+).  It\'s inspired by [angular-ui-tour](http://benmarch.github.io/angular-ui-tour).\n',
21 silly publish   readmeFilename: 'README.md',
21 silly publish   description: '[![Dependency Status](https://david-dm.org/isaacplmann/ngx-tour-core.svg)](https://david-dm.org/isaacplmann/ngx-tour-core) [![devDependency Status](https://david-dm.org/isaacplmann/ngx-tour-core/dev-status.svg)](https://david-dm.org/isaacplmann/ngx-tour-core?type=dev)',
21 silly publish   bugs: { url: 'https://github.com/isaacplmann/ngx-tour/issues' },
21 silly publish   homepage: 'https://github.com/isaacplmann/ngx-tour#readme',
21 silly publish   _id: 'ngx-tour-core@1.0.1',
21 silly publish   scripts: {},
21 silly publish   _shasum: '1e6a48f07095ea042754f0a912cb8c28a2410573',
21 silly publish   _from: '.' }
22 verbose getPublishConfig undefined
23 silly mapToRegistry name ngx-tour-core
24 silly mapToRegistry using default registry
25 silly mapToRegistry registry https://registry.npmjs.org/
26 silly mapToRegistry data Result {
26 silly mapToRegistry   raw: 'ngx-tour-core',
26 silly mapToRegistry   scope: null,
26 silly mapToRegistry   escapedName: 'ngx-tour-core',
26 silly mapToRegistry   name: 'ngx-tour-core',
26 silly mapToRegistry   rawSpec: '',
26 silly mapToRegistry   spec: 'latest',
26 silly mapToRegistry   type: 'tag' }
27 silly mapToRegistry uri https://registry.npmjs.org/ngx-tour-core
28 verbose publish registryBase https://registry.npmjs.org/
29 silly publish uploading C:\Users\vasim-PC\AppData\Roaming\npm-cache\ngx-tour-core\1.0.1\package.tgz
30 verbose request uri https://registry.npmjs.org/ngx-tour-core
31 verbose request sending authorization for write operation
32 info attempt registry request try #1 at 5:49:02 PM
33 verbose request using bearer token for auth
34 verbose request id 497bacabbf04496d
35 http request PUT https://registry.npmjs.org/ngx-tour-core
36 http 403 https://registry.npmjs.org/ngx-tour-core
37 verbose headers { 'content-type': 'application/json',
37 verbose headers   'cache-control': 'max-age=300',
37 verbose headers   'content-length': '107',
37 verbose headers   'accept-ranges': 'bytes',
37 verbose headers   date: 'Tue, 14 Nov 2017 12:19:04 GMT',
37 verbose headers   via: '1.1 varnish',
37 verbose headers   connection: 'keep-alive',
37 verbose headers   'x-served-by': 'cache-ams4121-AMS',
37 verbose headers   'x-cache': 'MISS',
37 verbose headers   'x-cache-hits': '0',
37 verbose headers   'x-timer': 'S1510661944.967365,VS0,VE579',
37 verbose headers   vary: 'Accept-Encoding, Accept' }
38 verbose request invalidating C:\Users\vasim-PC\AppData\Roaming\npm-cache\registry.npmjs.org\ngx-tour-core on PUT
39 error publish Failed PUT 403
40 verbose stack Error: You do not have permission to publish "ngx-tour-core". Are you logged in as the correct user? : ngx-tour-core
40 verbose stack     at makeError (C:\Program Files\nodejs\node_modules\npm\node_modules\npm-registry-client\lib\request.js:302:12)
40 verbose stack     at CachingRegistryClient.<anonymous> (C:\Program Files\nodejs\node_modules\npm\node_modules\npm-registry-client\lib\request.js:290:14)
40 verbose stack     at Request._callback (C:\Program Files\nodejs\node_modules\npm\node_modules\npm-registry-client\lib\request.js:210:14)
40 verbose stack     at Request.self.callback (C:\Program Files\nodejs\node_modules\npm\node_modules\request\request.js:187:22)
40 verbose stack     at emitTwo (events.js:106:13)
40 verbose stack     at Request.emit (events.js:191:7)
40 verbose stack     at Request.<anonymous> (C:\Program Files\nodejs\node_modules\npm\node_modules\request\request.js:1048:10)
40 verbose stack     at emitOne (events.js:96:13)
40 verbose stack     at Request.emit (events.js:188:7)
40 verbose stack     at IncomingMessage.<anonymous> (C:\Program Files\nodejs\node_modules\npm\node_modules\request\request.js:969:12)
41 verbose statusCode 403
42 verbose pkgid ngx-tour-core
43 verbose cwd C:\Users\vasim-PC\dc3602\dc360\ngx-tour-master\ngx-tour-core
44 error Windows_NT 10.0.15063
45 error argv "C:\\Program Files\\nodejs\\node.exe" "C:\\Program Files\\nodejs\\node_modules\\npm\\bin\\npm-cli.js" "publish"
46 error node v6.11.4
47 error npm  v3.10.10
48 error code E403
49 error You do not have permission to publish "ngx-tour-core". Are you logged in as the correct user? : ngx-tour-core
50 error If you need help, you may report this error at:
50 error     <https://github.com/npm/npm/issues>
51 verbose exit [ 1, true ]
